<?xml version="1.0" encoding="UTF-8"?>
<!-- Generated by org.testng.reporters.JUnitXMLReporter -->
<testsuite ignored="0" hostname="DESKTOP-JTEEQ9K" failures="0" tests="6" name="Default test" time="107.509" errors="0" timestamp="2024-06-17T19:37:57 IST">
  <testcase classname="TestScripts.SortBy_Test" name="Verify_LogIn_Page_Title" time="3.931"/>
  <testcase classname="TestScripts.SortBy_Test" name="Verify_Available_SortBy_Options" time="10.391"/>
  <testcase classname="TestScripts.SortBy_Test" name="Verify_SortBy_Name_Z_to_A" time="14.893"/>
  <testcase classname="TestScripts.SortBy_Test" name="Verify_SortBy_Name_A_to_Z" time="14.708"/>
  <testcase classname="TestScripts.SortBy_Test" name="Verify_SortBy_Price_low_to_high" time="14.907"/>
  <testcase classname="TestScripts.SortBy_Test" name="Verify_SortBy_Price_high_to_low" time="14.603"/>
</testsuite> <!-- Default test -->
